<?xml version="1.0" encoding="UTF-8"?>
<!-- Generated by org.testng.reporters.JUnitReportReporter -->
<testsuite hostname="Carn-PC" name="com.sampleddf.core.ddf.signup.SignUp" tests="1" failures="0" timestamp="20 Aug 2018 17:15:59 GMT" time="3.548" errors="0">
  <testcase name="SignUpCredentials" time="3.548" classname="com.sampleddf.core.ddf.signup.SignUp"/>
</testsuite> <!-- com.sampleddf.core.ddf.signup.SignUp -->
