<?xml version="1.0" encoding="UTF-8"?>
<!-- Generated by org.testng.reporters.JUnitReportReporter -->
<testsuite skipped="0" hostname="Tejas" name="com.sampleddf.core.ddf.mystocks.AddStocks" tests="2" failures="0" timestamp="23 Jun 2018 02:19:03 GMT" time="66.874" errors="0">
  <testcase name="AddStocksPortfolio" time="35.280" classname="com.sampleddf.core.ddf.mystocks.AddStocks"/>
  <testcase name="AddStocksPortfolioValidate" time="31.594" classname="com.sampleddf.core.ddf.mystocks.AddStocks"/>
</testsuite> <!-- com.sampleddf.core.ddf.mystocks.AddStocks -->
